<?xml version="1.0" encoding="UTF-8"?>
<!-- Generated by org.testng.reporters.JUnitReportReporter -->
<testsuite hostname="BATMAN" name="com.test.tests.SeleniumTest2" tests="1" failures="0" timestamp="23 Feb 2016 19:31:06 GMT" time="8.557" errors="0">
  <testcase name="MynamePrint" time="8.557" classname="com.test.tests.SeleniumTest2"/>
</testsuite> <!-- com.test.tests.SeleniumTest2 -->
